<?xml version="1.0" encoding="UTF-8"?>
<testng-results skipped="0" failed="0" ignored="0" total="2" passed="2">
  <reporter-output>
  </reporter-output>
  <suite name="Suite" duration-ms="29855" started-at="2023-09-13T10:42:31 IST" finished-at="2023-09-13T10:43:01 IST">
    <groups>
    </groups>
    <test name="On Chrome" duration-ms="25523" started-at="2023-09-13T10:42:31 IST" finished-at="2023-09-13T10:42:57 IST">
      <class name="com.ebanking.master.Sgrid">
        <test-method status="PASS" signature="Gd(java.lang.String)[pri:0, instance:com.ebanking.master.Sgrid@cb51256]" name="Gd" duration-ms="25416" started-at="2023-09-13T10:42:31 IST" finished-at="2023-09-13T10:42:57 IST">
          <params>
            <param index="0">
              <value>
                <![CDATA[chrome]]>
              </value>
            </param>
          </params>
          <reporter-output>
          </reporter-output>
        </test-method> <!-- Gd -->
      </class> <!-- com.ebanking.master.Sgrid -->
    </test> <!-- On Chrome -->
    <test name="On Firefox" duration-ms="29855" started-at="2023-09-13T10:42:31 IST" finished-at="2023-09-13T10:43:01 IST">
      <class name="com.ebanking.master.Sgrid">
        <test-method status="PASS" signature="Gd(java.lang.String)[pri:0, instance:com.ebanking.master.Sgrid@1f57539]" name="Gd" duration-ms="29783" started-at="2023-09-13T10:42:31 IST" finished-at="2023-09-13T10:43:01 IST">
          <params>
            <param index="0">
              <value>
                <![CDATA[firefox]]>
              </value>
            </param>
          </params>
          <reporter-output>
          </reporter-output>
        </test-method> <!-- Gd -->
      </class> <!-- com.ebanking.master.Sgrid -->
    </test> <!-- On Firefox -->
  </suite> <!-- Suite -->
</testng-results>
