<?xml version="1.0" encoding="UTF-8"?>
<testng-results skipped="0" failed="0" ignored="0" total="2" passed="2">
  <reporter-output>
  </reporter-output>
  <suite name="Suite" duration-ms="31563" started-at="2023-08-17T18:02:00 IST" finished-at="2023-08-17T18:02:31 IST">
    <groups>
    </groups>
    <test name="On Chrome" duration-ms="26448" started-at="2023-08-17T18:02:00 IST" finished-at="2023-08-17T18:02:26 IST">
      <class name="com.ebanking.master.Sgrid">
        <test-method status="PASS" signature="Gd(java.lang.String)[pri:0, instance:com.ebanking.master.Sgrid@6b57696f]" name="Gd" duration-ms="26376" started-at="2023-08-17T18:02:00 IST" finished-at="2023-08-17T18:02:26 IST">
          <params>
            <param index="0">
              <value>
                <![CDATA[chrome]]>
              </value>
            </param>
          </params>
          <reporter-output>
          </reporter-output>
        </test-method> <!-- Gd -->
      </class> <!-- com.ebanking.master.Sgrid -->
    </test> <!-- On Chrome -->
    <test name="On Firefox" duration-ms="31563" started-at="2023-08-17T18:02:00 IST" finished-at="2023-08-17T18:02:31 IST">
      <class name="com.ebanking.master.Sgrid">
        <test-method status="PASS" signature="Gd(java.lang.String)[pri:0, instance:com.ebanking.master.Sgrid@3b088d51]" name="Gd" duration-ms="31495" started-at="2023-08-17T18:02:00 IST" finished-at="2023-08-17T18:02:31 IST">
          <params>
            <param index="0">
              <value>
                <![CDATA[firefox]]>
              </value>
            </param>
          </params>
          <reporter-output>
          </reporter-output>
        </test-method> <!-- Gd -->
      </class> <!-- com.ebanking.master.Sgrid -->
    </test> <!-- On Firefox -->
  </suite> <!-- Suite -->
</testng-results>
